# JRE version: OpenJDK Runtime Environment (8.0_212-b04) (build 1.8.0_212-release-1586-b04)
# Java VM: OpenJDK 64-Bit Server VM (25.212-b04 mixed mode windows-amd64 compressed oops)
Heap:
 PSYoungGen      total 462848K, used 374584K [0x00000000e0000000, 0x00000000fff80000, 0x0000000100000000)
  eden space 401920K, 91% used [0x00000000e0000000,0x00000000f68ce0f0,0x00000000f8880000)
  from space 60928K, 8% used [0x00000000fc400000,0x00000000fc900010,0x00000000fff80000)
  to   space 60928K, 0% used [0x00000000f8880000,0x00000000f8880000,0x00000000fc400000)
 ParOldGen       total 329216K, used 162897K [0x00000000a0000000, 0x00000000b4180000, 0x00000000e0000000)
  object space 329216K, 49% used [0x00000000a0000000,0x00000000a9f14580,0x00000000b4180000)
 Metaspace       used 123035K, capacity 128998K, committed 129192K, reserved 1161216K
  class space    used 15817K, capacity 17005K, committed 17064K, reserved 1048576K
GC Heap History (10 events):
Event: 234.731 GC heap before
{Heap before GC invocations=28 (full 4):
 PSYoungGen      total 436224K, used 399049K [0x00000000e0000000, 0x00000000ffe80000, 0x0000000100000000)
  eden space 369664K, 100% used [0x00000000e0000000,0x00000000f6900000,0x00000000f6900000)
  from space 66560K, 44% used [0x00000000f6900000,0x00000000f85b2500,0x00000000faa00000)
  to   space 62464K, 0% used [0x00000000fc180000,0x00000000fc180000,0x00000000ffe80000)
 ParOldGen       total 329216K, used 119606K [0x00000000a0000000, 0x00000000b4180000, 0x00000000e0000000)
  object space 329216K, 36% used [0x00000000a0000000,0x00000000a74cdb60,0x00000000b4180000)
 Metaspace       used 122170K, capacity 128136K, committed 128424K, reserved 1161216K
  class space    used 15741K, capacity 16910K, committed 17064K, reserved 1048576K
Event: 234.786 GC heap after
Heap after GC invocations=28 (full 4):
 PSYoungGen      total 455168K, used 37400K [0x00000000e0000000, 0x00000000ffc00000, 0x0000000100000000)
  eden space 395264K, 0% used [0x00000000e0000000,0x00000000e0000000,0x00000000f8200000)
  from space 59904K, 62% used [0x00000000fc180000,0x00000000fe6062f0,0x00000000ffc00000)
  to   space 62464K, 0% used [0x00000000f8200000,0x00000000f8200000,0x00000000fbf00000)
 ParOldGen       total 329216K, used 127083K [0x00000000a0000000, 0x00000000b4180000, 0x00000000e0000000)
  object space 329216K, 38% used [0x00000000a0000000,0x00000000a7c1ad28,0x00000000b4180000)
 Metaspace       used 122170K, capacity 128136K, committed 128424K, reserved 1161216K
  class space    used 15741K, capacity 16910K, committed 17064K, reserved 1048576K
}
Event: 236.434 GC heap before
{Heap before GC invocations=29 (full 4):
 PSYoungGen      total 455168K, used 432664K [0x00000000e0000000, 0x00000000ffc00000, 0x0000000100000000)
  eden space 395264K, 100% used [0x00000000e0000000,0x00000000f8200000,0x00000000f8200000)
  from space 59904K, 62% used [0x00000000fc180000,0x00000000fe6062f0,0x00000000ffc00000)
  to   space 62464K, 0% used [0x00000000f8200000,0x00000000f8200000,0x00000000fbf00000)
 ParOldGen       total 329216K, used 127083K [0x00000000a0000000, 0x00000000b4180000, 0x00000000e0000000)
  object space 329216K, 38% used [0x00000000a0000000,0x00000000a7c1ad28,0x00000000b4180000)
 Metaspace       used 122230K, capacity 128136K, committed 128424K, reserved 1161216K
  class space    used 15741K, capacity 16910K, committed 17064K, reserved 1048576K
Event: 236.508 GC heap after
Heap after GC invocations=29 (full 4):
 PSYoungGen      total 457728K, used 24060K [0x00000000e0000000, 0x00000000ffe80000, 0x0000000100000000)
  eden space 395264K, 0% used [0x00000000e0000000,0x00000000e0000000,0x00000000f8200000)
  from space 62464K, 38% used [0x00000000f8200000,0x00000000f997f1d0,0x00000000fbf00000)
  to   space 60416K, 0% used [0x00000000fc380000,0x00000000fc380000,0x00000000ffe80000)
 ParOldGen       total 329216K, used 137460K [0x00000000a0000000, 0x00000000b4180000, 0x00000000e0000000)
  object space 329216K, 41% used [0x00000000a0000000,0x00000000a863d2e8,0x00000000b4180000)
 Metaspace       used 122230K, capacity 128136K, committed 128424K, reserved 1161216K
  class space    used 15741K, capacity 16910K, committed 17064K, reserved 1048576K
}
Event: 238.607 GC heap before
{Heap before GC invocations=30 (full 4):
 PSYoungGen      total 457728K, used 419324K [0x00000000e0000000, 0x00000000ffe80000, 0x0000000100000000)
  eden space 395264K, 100% used [0x00000000e0000000,0x00000000f8200000,0x00000000f8200000)
  from space 62464K, 38% used [0x00000000f8200000,0x00000000f997f1d0,0x00000000fbf00000)
  to   space 60416K, 0% used [0x00000000fc380000,0x00000000fc380000,0x00000000ffe80000)
 ParOldGen       total 329216K, used 137460K [0x00000000a0000000, 0x00000000b4180000, 0x00000000e0000000)
  object space 329216K, 41% used [0x00000000a0000000,0x00000000a863d2e8,0x00000000b4180000)
 Metaspace       used 122257K, capacity 128206K, committed 128424K, reserved 1161216K
  class space    used 15741K, capacity 16911K, committed 17064K, reserved 1048576K
Event: 238.654 GC heap after
Heap after GC invocations=30 (full 4):
 PSYoungGen      total 461824K, used 8512K [0x00000000e0000000, 0x00000000fff00000, 0x0000000100000000)
  eden space 401408K, 0% used [0x00000000e0000000,0x00000000e0000000,0x00000000f8800000)
  from space 60416K, 14% used [0x00000000fc380000,0x00000000fcbd0020,0x00000000ffe80000)
  to   space 60928K, 0% used [0x00000000f8800000,0x00000000f8800000,0x00000000fc380000)
 ParOldGen       total 329216K, used 152008K [0x00000000a0000000, 0x00000000b4180000, 0x00000000e0000000)
  object space 329216K, 46% used [0x00000000a0000000,0x00000000a9472028,0x00000000b4180000)
 Metaspace       used 122257K, capacity 128206K, committed 128424K, reserved 1161216K
  class space    used 15741K, capacity 16911K, committed 17064K, reserved 1048576K
}
Event: 242.050 GC heap before
{Heap before GC invocations=31 (full 4):
 PSYoungGen      total 461824K, used 409920K [0x00000000e0000000, 0x00000000fff00000, 0x0000000100000000)
  eden space 401408K, 100% used [0x00000000e0000000,0x00000000f8800000,0x00000000f8800000)
  from space 60416K, 14% used [0x00000000fc380000,0x00000000fcbd0020,0x00000000ffe80000)
  to   space 60928K, 0% used [0x00000000f8800000,0x00000000f8800000,0x00000000fc380000)
 ParOldGen       total 329216K, used 152008K [0x00000000a0000000, 0x00000000b4180000, 0x00000000e0000000)
  object space 329216K, 46% used [0x00000000a0000000,0x00000000a9472028,0x00000000b4180000)
 Metaspace       used 122301K, capacity 128238K, committed 128424K, reserved 1161216K
  class space    used 15743K, capacity 16943K, committed 17064K, reserved 1048576K
Event: 242.078 GC heap after
Heap after GC invocations=31 (full 4):
 PSYoungGen      total 462336K, used 4544K [0x00000000e0000000, 0x0000000100000000, 0x0000000100000000)
  eden space 401408K, 0% used [0x00000000e0000000,0x00000000e0000000,0x00000000f8800000)
  from space 60928K, 7% used [0x00000000f8800000,0x00000000f8c70000,0x00000000fc380000)
  to   space 61440K, 0% used [0x00000000fc400000,0x00000000fc400000,0x0000000100000000)
 ParOldGen       total 329216K, used 158450K [0x00000000a0000000, 0x00000000b4180000, 0x00000000e0000000)
  object space 329216K, 48% used [0x00000000a0000000,0x00000000a9abca68,0x00000000b4180000)
 Metaspace       used 122301K, capacity 128238K, committed 128424K, reserved 1161216K
  class space    used 15743K, capacity 16943K, committed 17064K, reserved 1048576K
}
Event: 245.512 GC heap before
{Heap before GC invocations=32 (full 4):
 PSYoungGen      total 462336K, used 405952K [0x00000000e0000000, 0x0000000100000000, 0x0000000100000000)
  eden space 401408K, 100% used [0x00000000e0000000,0x00000000f8800000,0x00000000f8800000)
  from space 60928K, 7% used [0x00000000f8800000,0x00000000f8c70000,0x00000000fc380000)
  to   space 61440K, 0% used [0x00000000fc400000,0x00000000fc400000,0x0000000100000000)
 ParOldGen       total 329216K, used 158450K [0x00000000a0000000, 0x00000000b4180000, 0x00000000e0000000)
  object space 329216K, 48% used [0x00000000a0000000,0x00000000a9abca68,0x00000000b4180000)
 Metaspace       used 122316K, capacity 128238K, committed 128424K, reserved 1161216K
  class space    used 15744K, capacity 16943K, committed 17064K, reserved 1048576K
Event: 245.542 GC heap after
Heap after GC invocations=32 (full 4):
 PSYoungGen      total 462848K, used 5120K [0x00000000e0000000, 0x00000000fff80000, 0x0000000100000000)
  eden space 401920K, 0% used [0x00000000e0000000,0x00000000e0000000,0x00000000f8880000)
  from space 60928K, 8% used [0x00000000fc400000,0x00000000fc900010,0x00000000fff80000)
  to   space 60928K, 0% used [0x00000000f8880000,0x00000000f8880000,0x00000000fc400000)
 ParOldGen       total 329216K, used 162897K [0x00000000a0000000, 0x00000000b4180000, 0x00000000e0000000)
  object space 329216K, 49% used [0x00000000a0000000,0x00000000a9f14580,0x00000000b4180000)
 Metaspace       used 122316K, capacity 128238K, committed 128424K, reserved 1161216K
  class space    used 15744K, capacity 16943K, committed 17064K, reserved 1048576K
}

